[2023-05-30 15:05:05] local.ERROR: Command "make:migraton" is not defined.

Did you mean one of these?
    make:cast
    make:channel
    make:command
    make:component
    make:controller
    make:event
    make:exception
    make:factory
    make:job
    make:listener
    make:mail
    make:middleware
    make:migration
    make:model
    make:notification
    make:observer
    make:policy
    make:provider
    make:request
    make:resource
    make:rule
    make:scope
    make:seeder
    make:test {"exception":"[object] (Symfony\\Component\\Console\\Exception\\CommandNotFoundException(code: 0): Command \"make:migraton\" is not defined.

Did you mean one of these?
    make:cast
    make:channel
    make:command
    make:component
    make:controller
    make:event
    make:exception
    make:factory
    make:job
    make:listener
    make:mail
    make:middleware
    make:migration
    make:model
    make:notification
    make:observer
    make:policy
    make:provider
    make:request
    make:resource
    make:rule
    make:scope
    make:seeder
    make:test at /srv/http/Proyecto_del_proyecto/vendor/symfony/console/Application.php:702)
[stacktrace]
#0 /srv/http/Proyecto_del_proyecto/vendor/symfony/console/Application.php(256): Symfony\\Component\\Console\\Application->find()
#1 /srv/http/Proyecto_del_proyecto/vendor/symfony/console/Application.php(168): Symfony\\Component\\Console\\Application->doRun()
#2 /srv/http/Proyecto_del_proyecto/vendor/laravel/framework/src/Illuminate/Foundation/Console/Kernel.php(200): Symfony\\Component\\Console\\Application->run()
#3 /srv/http/Proyecto_del_proyecto/artisan(35): Illuminate\\Foundation\\Console\\Kernel->handle()
#4 {main}
"} 
[2023-05-30 15:13:31] local.ERROR: SQLSTATE[23000]: Integrity constraint violation: 1451 Cannot delete or update a parent row: a foreign key constraint fails (Connection: mysql, SQL: drop table if exists `users`) {"exception":"[object] (Illuminate\\Database\\QueryException(code: 23000): SQLSTATE[23000]: Integrity constraint violation: 1451 Cannot delete or update a parent row: a foreign key constraint fails (Connection: mysql, SQL: drop table if exists `users`) at /srv/http/Proyecto_del_proyecto/vendor/laravel/framework/src/Illuminate/Database/Connection.php:793)
[stacktrace]
#0 /srv/http/Proyecto_del_proyecto/vendor/laravel/framework/src/Illuminate/Database/Connection.php(753): Illuminate\\Database\\Connection->runQueryCallback()
#1 /srv/http/Proyecto_del_proyecto/vendor/laravel/framework/src/Illuminate/Database/Connection.php(567): Illuminate\\Database\\Connection->run()
#2 /srv/http/Proyecto_del_proyecto/vendor/laravel/framework/src/Illuminate/Database/Schema/Blueprint.php(110): Illuminate\\Database\\Connection->statement()
#3 /srv/http/Proyecto_del_proyecto/vendor/laravel/framework/src/Illuminate/Database/Schema/Builder.php(439): Illuminate\\Database\\Schema\\Blueprint->build()
#4 /srv/http/Proyecto_del_proyecto/vendor/laravel/framework/src/Illuminate/Database/Schema/Builder.php(309): Illuminate\\Database\\Schema\\Builder->build()
#5 /srv/http/Proyecto_del_proyecto/vendor/laravel/framework/src/Illuminate/Support/Facades/Facade.php(353): Illuminate\\Database\\Schema\\Builder->dropIfExists()
#6 /srv/http/Proyecto_del_proyecto/database/migrations/2014_10_12_000000_create_users_table.php(30): Illuminate\\Support\\Facades\\Facade::__callStatic()
#7 /srv/http/Proyecto_del_proyecto/vendor/laravel/framework/src/Illuminate/Database/Migrations/Migrator.php(493): Illuminate\\Database\\Migrations\\Migration@anonymous->down()
#8 /srv/http/Proyecto_del_proyecto/vendor/laravel/framework/src/Illuminate/Database/Migrations/Migrator.php(410): Illuminate\\Database\\Migrations\\Migrator->runMethod()
#9 /srv/http/Proyecto_del_proyecto/vendor/laravel/framework/src/Illuminate/Database/Migrations/Migrator.php(419): Illuminate\\Database\\Migrations\\Migrator->Illuminate\\Database\\Migrations\\{closure}()
#10 /srv/http/Proyecto_del_proyecto/vendor/laravel/framework/src/Illuminate/Database/Migrations/Migrator.php(385): Illuminate\\Database\\Migrations\\Migrator->runMigration()
#11 /srv/http/Proyecto_del_proyecto/vendor/laravel/framework/src/Illuminate/Console/View/Components/Task.php(37): Illuminate\\Database\\Migrations\\Migrator->Illuminate\\Database\\Migrations\\{closure}()
#12 /srv/http/Proyecto_del_proyecto/vendor/laravel/framework/src/Illuminate/Database/Migrations/Migrator.php(756): Illuminate\\Console\\View\\Components\\Task->render()
#13 /srv/http/Proyecto_del_proyecto/vendor/laravel/framework/src/Illuminate/Database/Migrations/Migrator.php(385): Illuminate\\Database\\Migrations\\Migrator->write()
#14 /srv/http/Proyecto_del_proyecto/vendor/laravel/framework/src/Illuminate/Database/Migrations/Migrator.php(304): Illuminate\\Database\\Migrations\\Migrator->runDown()
#15 /srv/http/Proyecto_del_proyecto/vendor/laravel/framework/src/Illuminate/Database/Migrations/Migrator.php(359): Illuminate\\Database\\Migrations\\Migrator->rollbackMigrations()
#16 /srv/http/Proyecto_del_proyecto/vendor/laravel/framework/src/Illuminate/Database/Migrations/Migrator.php(335): Illuminate\\Database\\Migrations\\Migrator->resetMigrations()
#17 /srv/http/Proyecto_del_proyecto/vendor/laravel/framework/src/Illuminate/Database/Console/Migrations/ResetCommand.php(66): Illuminate\\Database\\Migrations\\Migrator->reset()
#18 /srv/http/Proyecto_del_proyecto/vendor/laravel/framework/src/Illuminate/Database/Migrations/Migrator.php(633): Illuminate\\Database\\Console\\Migrations\\ResetCommand->Illuminate\\Database\\Console\\Migrations\\{closure}()
#19 /srv/http/Proyecto_del_proyecto/vendor/laravel/framework/src/Illuminate/Database/Console/Migrations/ResetCommand.php(58): Illuminate\\Database\\Migrations\\Migrator->usingConnection()
#20 /srv/http/Proyecto_del_proyecto/vendor/laravel/framework/src/Illuminate/Container/BoundMethod.php(36): Illuminate\\Database\\Console\\Migrations\\ResetCommand->handle()
#21 /srv/http/Proyecto_del_proyecto/vendor/laravel/framework/src/Illuminate/Container/Util.php(41): Illuminate\\Container\\BoundMethod::Illuminate\\Container\\{closure}()
#22 /srv/http/Proyecto_del_proyecto/vendor/laravel/framework/src/Illuminate/Container/BoundMethod.php(93): Illuminate\\Container\\Util::unwrapIfClosure()
#23 /srv/http/Proyecto_del_proyecto/vendor/laravel/framework/src/Illuminate/Container/BoundMethod.php(35): Illuminate\\Container\\BoundMethod::callBoundMethod()
#24 /srv/http/Proyecto_del_proyecto/vendor/laravel/framework/src/Illuminate/Container/Container.php(662): Illuminate\\Container\\BoundMethod::call()
#25 /srv/http/Proyecto_del_proyecto/vendor/laravel/framework/src/Illuminate/Console/Command.php(208): Illuminate\\Container\\Container->call()
#26 /srv/http/Proyecto_del_proyecto/vendor/symfony/console/Command/Command.php(312): Illuminate\\Console\\Command->execute()
#27 /srv/http/Proyecto_del_proyecto/vendor/laravel/framework/src/Illuminate/Console/Command.php(177): Symfony\\Component\\Console\\Command\\Command->run()
#28 /srv/http/Proyecto_del_proyecto/vendor/laravel/framework/src/Illuminate/Console/Concerns/CallsCommands.php(67): Illuminate\\Console\\Command->run()
#29 /srv/http/Proyecto_del_proyecto/vendor/laravel/framework/src/Illuminate/Console/Concerns/CallsCommands.php(28): Illuminate\\Console\\Command->runCommand()
#30 /srv/http/Proyecto_del_proyecto/vendor/laravel/framework/src/Illuminate/Database/Console/Migrations/RefreshCommand.php(109): Illuminate\\Console\\Command->call()
#31 /srv/http/Proyecto_del_proyecto/vendor/laravel/framework/src/Illuminate/Database/Console/Migrations/RefreshCommand.php(55): Illuminate\\Database\\Console\\Migrations\\RefreshCommand->runReset()
#32 /srv/http/Proyecto_del_proyecto/vendor/laravel/framework/src/Illuminate/Container/BoundMethod.php(36): Illuminate\\Database\\Console\\Migrations\\RefreshCommand->handle()
#33 /srv/http/Proyecto_del_proyecto/vendor/laravel/framework/src/Illuminate/Container/Util.php(41): Illuminate\\Container\\BoundMethod::Illuminate\\Container\\{closure}()
#34 /srv/http/Proyecto_del_proyecto/vendor/laravel/framework/src/Illuminate/Container/BoundMethod.php(93): Illuminate\\Container\\Util::unwrapIfClosure()
#35 /srv/http/Proyecto_del_proyecto/vendor/laravel/framework/src/Illuminate/Container/BoundMethod.php(35): Illuminate\\Container\\BoundMethod::callBoundMethod()
#36 /srv/http/Proyecto_del_proyecto/vendor/laravel/framework/src/Illuminate/Container/Container.php(662): Illuminate\\Container\\BoundMethod::call()
#37 /srv/http/Proyecto_del_proyecto/vendor/laravel/framework/src/Illuminate/Console/Command.php(208): Illuminate\\Container\\Container->call()
#38 /srv/http/Proyecto_del_proyecto/vendor/symfony/console/Command/Command.php(312): Illuminate\\Console\\Command->execute()
#39 /srv/http/Proyecto_del_proyecto/vendor/laravel/framework/src/Illuminate/Console/Command.php(177): Symfony\\Component\\Console\\Command\\Command->run()
#40 /srv/http/Proyecto_del_proyecto/vendor/symfony/console/Application.php(1040): Illuminate\\Console\\Command->run()
#41 /srv/http/Proyecto_del_proyecto/vendor/symfony/console/Application.php(314): Symfony\\Component\\Console\\Application->doRunCommand()
#42 /srv/http/Proyecto_del_proyecto/vendor/symfony/console/Application.php(168): Symfony\\Component\\Console\\Application->doRun()
#43 /srv/http/Proyecto_del_proyecto/vendor/laravel/framework/src/Illuminate/Foundation/Console/Kernel.php(200): Symfony\\Component\\Console\\Application->run()
#44 /srv/http/Proyecto_del_proyecto/artisan(35): Illuminate\\Foundation\\Console\\Kernel->handle()
#45 {main}

[previous exception] [object] (PDOException(code: 23000): SQLSTATE[23000]: Integrity constraint violation: 1451 Cannot delete or update a parent row: a foreign key constraint fails at /srv/http/Proyecto_del_proyecto/vendor/laravel/framework/src/Illuminate/Database/Connection.php:578)
[stacktrace]
#0 /srv/http/Proyecto_del_proyecto/vendor/laravel/framework/src/Illuminate/Database/Connection.php(578): PDOStatement->execute()
#1 /srv/http/Proyecto_del_proyecto/vendor/laravel/framework/src/Illuminate/Database/Connection.php(786): Illuminate\\Database\\Connection->Illuminate\\Database\\{closure}()
#2 /srv/http/Proyecto_del_proyecto/vendor/laravel/framework/src/Illuminate/Database/Connection.php(753): Illuminate\\Database\\Connection->runQueryCallback()
#3 /srv/http/Proyecto_del_proyecto/vendor/laravel/framework/src/Illuminate/Database/Connection.php(567): Illuminate\\Database\\Connection->run()
#4 /srv/http/Proyecto_del_proyecto/vendor/laravel/framework/src/Illuminate/Database/Schema/Blueprint.php(110): Illuminate\\Database\\Connection->statement()
#5 /srv/http/Proyecto_del_proyecto/vendor/laravel/framework/src/Illuminate/Database/Schema/Builder.php(439): Illuminate\\Database\\Schema\\Blueprint->build()
#6 /srv/http/Proyecto_del_proyecto/vendor/laravel/framework/src/Illuminate/Database/Schema/Builder.php(309): Illuminate\\Database\\Schema\\Builder->build()
#7 /srv/http/Proyecto_del_proyecto/vendor/laravel/framework/src/Illuminate/Support/Facades/Facade.php(353): Illuminate\\Database\\Schema\\Builder->dropIfExists()
#8 /srv/http/Proyecto_del_proyecto/database/migrations/2014_10_12_000000_create_users_table.php(30): Illuminate\\Support\\Facades\\Facade::__callStatic()
#9 /srv/http/Proyecto_del_proyecto/vendor/laravel/framework/src/Illuminate/Database/Migrations/Migrator.php(493): Illuminate\\Database\\Migrations\\Migration@anonymous->down()
#10 /srv/http/Proyecto_del_proyecto/vendor/laravel/framework/src/Illuminate/Database/Migrations/Migrator.php(410): Illuminate\\Database\\Migrations\\Migrator->runMethod()
#11 /srv/http/Proyecto_del_proyecto/vendor/laravel/framework/src/Illuminate/Database/Migrations/Migrator.php(419): Illuminate\\Database\\Migrations\\Migrator->Illuminate\\Database\\Migrations\\{closure}()
#12 /srv/http/Proyecto_del_proyecto/vendor/laravel/framework/src/Illuminate/Database/Migrations/Migrator.php(385): Illuminate\\Database\\Migrations\\Migrator->runMigration()
#13 /srv/http/Proyecto_del_proyecto/vendor/laravel/framework/src/Illuminate/Console/View/Components/Task.php(37): Illuminate\\Database\\Migrations\\Migrator->Illuminate\\Database\\Migrations\\{closure}()
#14 /srv/http/Proyecto_del_proyecto/vendor/laravel/framework/src/Illuminate/Database/Migrations/Migrator.php(756): Illuminate\\Console\\View\\Components\\Task->render()
#15 /srv/http/Proyecto_del_proyecto/vendor/laravel/framework/src/Illuminate/Database/Migrations/Migrator.php(385): Illuminate\\Database\\Migrations\\Migrator->write()
#16 /srv/http/Proyecto_del_proyecto/vendor/laravel/framework/src/Illuminate/Database/Migrations/Migrator.php(304): Illuminate\\Database\\Migrations\\Migrator->runDown()
#17 /srv/http/Proyecto_del_proyecto/vendor/laravel/framework/src/Illuminate/Database/Migrations/Migrator.php(359): Illuminate\\Database\\Migrations\\Migrator->rollbackMigrations()
#18 /srv/http/Proyecto_del_proyecto/vendor/laravel/framework/src/Illuminate/Database/Migrations/Migrator.php(335): Illuminate\\Database\\Migrations\\Migrator->resetMigrations()
#19 /srv/http/Proyecto_del_proyecto/vendor/laravel/framework/src/Illuminate/Database/Console/Migrations/ResetCommand.php(66): Illuminate\\Database\\Migrations\\Migrator->reset()
#20 /srv/http/Proyecto_del_proyecto/vendor/laravel/framework/src/Illuminate/Database/Migrations/Migrator.php(633): Illuminate\\Database\\Console\\Migrations\\ResetCommand->Illuminate\\Database\\Console\\Migrations\\{closure}()
#21 /srv/http/Proyecto_del_proyecto/vendor/laravel/framework/src/Illuminate/Database/Console/Migrations/ResetCommand.php(58): Illuminate\\Database\\Migrations\\Migrator->usingConnection()
#22 /srv/http/Proyecto_del_proyecto/vendor/laravel/framework/src/Illuminate/Container/BoundMethod.php(36): Illuminate\\Database\\Console\\Migrations\\ResetCommand->handle()
#23 /srv/http/Proyecto_del_proyecto/vendor/laravel/framework/src/Illuminate/Container/Util.php(41): Illuminate\\Container\\BoundMethod::Illuminate\\Container\\{closure}()
#24 /srv/http/Proyecto_del_proyecto/vendor/laravel/framework/src/Illuminate/Container/BoundMethod.php(93): Illuminate\\Container\\Util::unwrapIfClosure()
#25 /srv/http/Proyecto_del_proyecto/vendor/laravel/framework/src/Illuminate/Container/BoundMethod.php(35): Illuminate\\Container\\BoundMethod::callBoundMethod()
#26 /srv/http/Proyecto_del_proyecto/vendor/laravel/framework/src/Illuminate/Container/Container.php(662): Illuminate\\Container\\BoundMethod::call()
#27 /srv/http/Proyecto_del_proyecto/vendor/laravel/framework/src/Illuminate/Console/Command.php(208): Illuminate\\Container\\Container->call()
#28 /srv/http/Proyecto_del_proyecto/vendor/symfony/console/Command/Command.php(312): Illuminate\\Console\\Command->execute()
#29 /srv/http/Proyecto_del_proyecto/vendor/laravel/framework/src/Illuminate/Console/Command.php(177): Symfony\\Component\\Console\\Command\\Command->run()
#30 /srv/http/Proyecto_del_proyecto/vendor/laravel/framework/src/Illuminate/Console/Concerns/CallsCommands.php(67): Illuminate\\Console\\Command->run()
#31 /srv/http/Proyecto_del_proyecto/vendor/laravel/framework/src/Illuminate/Console/Concerns/CallsCommands.php(28): Illuminate\\Console\\Command->runCommand()
#32 /srv/http/Proyecto_del_proyecto/vendor/laravel/framework/src/Illuminate/Database/Console/Migrations/RefreshCommand.php(109): Illuminate\\Console\\Command->call()
#33 /srv/http/Proyecto_del_proyecto/vendor/laravel/framework/src/Illuminate/Database/Console/Migrations/RefreshCommand.php(55): Illuminate\\Database\\Console\\Migrations\\RefreshCommand->runReset()
#34 /srv/http/Proyecto_del_proyecto/vendor/laravel/framework/src/Illuminate/Container/BoundMethod.php(36): Illuminate\\Database\\Console\\Migrations\\RefreshCommand->handle()
#35 /srv/http/Proyecto_del_proyecto/vendor/laravel/framework/src/Illuminate/Container/Util.php(41): Illuminate\\Container\\BoundMethod::Illuminate\\Container\\{closure}()
#36 /srv/http/Proyecto_del_proyecto/vendor/laravel/framework/src/Illuminate/Container/BoundMethod.php(93): Illuminate\\Container\\Util::unwrapIfClosure()
#37 /srv/http/Proyecto_del_proyecto/vendor/laravel/framework/src/Illuminate/Container/BoundMethod.php(35): Illuminate\\Container\\BoundMethod::callBoundMethod()
#38 /srv/http/Proyecto_del_proyecto/vendor/laravel/framework/src/Illuminate/Container/Container.php(662): Illuminate\\Container\\BoundMethod::call()
#39 /srv/http/Proyecto_del_proyecto/vendor/laravel/framework/src/Illuminate/Console/Command.php(208): Illuminate\\Container\\Container->call()
#40 /srv/http/Proyecto_del_proyecto/vendor/symfony/console/Command/Command.php(312): Illuminate\\Console\\Command->execute()
#41 /srv/http/Proyecto_del_proyecto/vendor/laravel/framework/src/Illuminate/Console/Command.php(177): Symfony\\Component\\Console\\Command\\Command->run()
#42 /srv/http/Proyecto_del_proyecto/vendor/symfony/console/Application.php(1040): Illuminate\\Console\\Command->run()
#43 /srv/http/Proyecto_del_proyecto/vendor/symfony/console/Application.php(314): Symfony\\Component\\Console\\Application->doRunCommand()
#44 /srv/http/Proyecto_del_proyecto/vendor/symfony/console/Application.php(168): Symfony\\Component\\Console\\Application->doRun()
#45 /srv/http/Proyecto_del_proyecto/vendor/laravel/framework/src/Illuminate/Foundation/Console/Kernel.php(200): Symfony\\Component\\Console\\Application->run()
#46 /srv/http/Proyecto_del_proyecto/artisan(35): Illuminate\\Foundation\\Console\\Kernel->handle()
#47 {main}
"} 
[2023-05-30 15:16:16] local.ERROR: SQLSTATE[HY000]: General error: 1005 Can't create table `PRODUCTS`.`fotos` (errno: 150 "Foreign key constraint is incorrectly formed") (Connection: mysql, SQL: alter table `fotos` add constraint `fotos_user_id_foreign` foreign key (`user_id`) references `users` (`id`)) {"exception":"[object] (Illuminate\\Database\\QueryException(code: HY000): SQLSTATE[HY000]: General error: 1005 Can't create table `PRODUCTS`.`fotos` (errno: 150 \"Foreign key constraint is incorrectly formed\") (Connection: mysql, SQL: alter table `fotos` add constraint `fotos_user_id_foreign` foreign key (`user_id`) references `users` (`id`)) at /srv/http/Proyecto_del_proyecto/vendor/laravel/framework/src/Illuminate/Database/Connection.php:793)
[stacktrace]
#0 /srv/http/Proyecto_del_proyecto/vendor/laravel/framework/src/Illuminate/Database/Connection.php(753): Illuminate\\Database\\Connection->runQueryCallback()
#1 /srv/http/Proyecto_del_proyecto/vendor/laravel/framework/src/Illuminate/Database/Connection.php(567): Illuminate\\Database\\Connection->run()
#2 /srv/http/Proyecto_del_proyecto/vendor/laravel/framework/src/Illuminate/Database/Schema/Blueprint.php(110): Illuminate\\Database\\Connection->statement()
#3 /srv/http/Proyecto_del_proyecto/vendor/laravel/framework/src/Illuminate/Database/Schema/Builder.php(439): Illuminate\\Database\\Schema\\Blueprint->build()
#4 /srv/http/Proyecto_del_proyecto/vendor/laravel/framework/src/Illuminate/Database/Schema/Builder.php(281): Illuminate\\Database\\Schema\\Builder->build()
#5 /srv/http/Proyecto_del_proyecto/vendor/laravel/framework/src/Illuminate/Support/Facades/Facade.php(353): Illuminate\\Database\\Schema\\Builder->create()
#6 /srv/http/Proyecto_del_proyecto/database/migrations/2023_05_30_150535_create_fotos_table.php(14): Illuminate\\Support\\Facades\\Facade::__callStatic()
#7 /srv/http/Proyecto_del_proyecto/vendor/laravel/framework/src/Illuminate/Database/Migrations/Migrator.php(493): Illuminate\\Database\\Migrations\\Migration@anonymous->up()
#8 /srv/http/Proyecto_del_proyecto/vendor/laravel/framework/src/Illuminate/Database/Migrations/Migrator.php(410): Illuminate\\Database\\Migrations\\Migrator->runMethod()
#9 /srv/http/Proyecto_del_proyecto/vendor/laravel/framework/src/Illuminate/Database/Migrations/Migrator.php(419): Illuminate\\Database\\Migrations\\Migrator->Illuminate\\Database\\Migrations\\{closure}()
#10 /srv/http/Proyecto_del_proyecto/vendor/laravel/framework/src/Illuminate/Database/Migrations/Migrator.php(216): Illuminate\\Database\\Migrations\\Migrator->runMigration()
#11 /srv/http/Proyecto_del_proyecto/vendor/laravel/framework/src/Illuminate/Console/View/Components/Task.php(37): Illuminate\\Database\\Migrations\\Migrator->Illuminate\\Database\\Migrations\\{closure}()
#12 /srv/http/Proyecto_del_proyecto/vendor/laravel/framework/src/Illuminate/Database/Migrations/Migrator.php(756): Illuminate\\Console\\View\\Components\\Task->render()
#13 /srv/http/Proyecto_del_proyecto/vendor/laravel/framework/src/Illuminate/Database/Migrations/Migrator.php(216): Illuminate\\Database\\Migrations\\Migrator->write()
#14 /srv/http/Proyecto_del_proyecto/vendor/laravel/framework/src/Illuminate/Database/Migrations/Migrator.php(181): Illuminate\\Database\\Migrations\\Migrator->runUp()
#15 /srv/http/Proyecto_del_proyecto/vendor/laravel/framework/src/Illuminate/Database/Migrations/Migrator.php(124): Illuminate\\Database\\Migrations\\Migrator->runPending()
#16 /srv/http/Proyecto_del_proyecto/vendor/laravel/framework/src/Illuminate/Database/Console/Migrations/MigrateCommand.php(88): Illuminate\\Database\\Migrations\\Migrator->run()
#17 /srv/http/Proyecto_del_proyecto/vendor/laravel/framework/src/Illuminate/Database/Migrations/Migrator.php(633): Illuminate\\Database\\Console\\Migrations\\MigrateCommand->Illuminate\\Database\\Console\\Migrations\\{closure}()
#18 /srv/http/Proyecto_del_proyecto/vendor/laravel/framework/src/Illuminate/Database/Console/Migrations/MigrateCommand.php(81): Illuminate\\Database\\Migrations\\Migrator->usingConnection()
#19 /srv/http/Proyecto_del_proyecto/vendor/laravel/framework/src/Illuminate/Container/BoundMethod.php(36): Illuminate\\Database\\Console\\Migrations\\MigrateCommand->handle()
#20 /srv/http/Proyecto_del_proyecto/vendor/laravel/framework/src/Illuminate/Container/Util.php(41): Illuminate\\Container\\BoundMethod::Illuminate\\Container\\{closure}()
#21 /srv/http/Proyecto_del_proyecto/vendor/laravel/framework/src/Illuminate/Container/BoundMethod.php(93): Illuminate\\Container\\Util::unwrapIfClosure()
#22 /srv/http/Proyecto_del_proyecto/vendor/laravel/framework/src/Illuminate/Container/BoundMethod.php(35): Illuminate\\Container\\BoundMethod::callBoundMethod()
#23 /srv/http/Proyecto_del_proyecto/vendor/laravel/framework/src/Illuminate/Container/Container.php(662): Illuminate\\Container\\BoundMethod::call()
#24 /srv/http/Proyecto_del_proyecto/vendor/laravel/framework/src/Illuminate/Console/Command.php(208): Illuminate\\Container\\Container->call()
#25 /srv/http/Proyecto_del_proyecto/vendor/symfony/console/Command/Command.php(312): Illuminate\\Console\\Command->execute()
#26 /srv/http/Proyecto_del_proyecto/vendor/laravel/framework/src/Illuminate/Console/Command.php(177): Symfony\\Component\\Console\\Command\\Command->run()
#27 /srv/http/Proyecto_del_proyecto/vendor/symfony/console/Application.php(1040): Illuminate\\Console\\Command->run()
#28 /srv/http/Proyecto_del_proyecto/vendor/symfony/console/Application.php(314): Symfony\\Component\\Console\\Application->doRunCommand()
#29 /srv/http/Proyecto_del_proyecto/vendor/symfony/console/Application.php(168): Symfony\\Component\\Console\\Application->doRun()
#30 /srv/http/Proyecto_del_proyecto/vendor/laravel/framework/src/Illuminate/Foundation/Console/Kernel.php(200): Symfony\\Component\\Console\\Application->run()
#31 /srv/http/Proyecto_del_proyecto/artisan(35): Illuminate\\Foundation\\Console\\Kernel->handle()
#32 {main}

[previous exception] [object] (PDOException(code: HY000): SQLSTATE[HY000]: General error: 1005 Can't create table `PRODUCTS`.`fotos` (errno: 150 \"Foreign key constraint is incorrectly formed\") at /srv/http/Proyecto_del_proyecto/vendor/laravel/framework/src/Illuminate/Database/Connection.php:578)
[stacktrace]
#0 /srv/http/Proyecto_del_proyecto/vendor/laravel/framework/src/Illuminate/Database/Connection.php(578): PDOStatement->execute()
#1 /srv/http/Proyecto_del_proyecto/vendor/laravel/framework/src/Illuminate/Database/Connection.php(786): Illuminate\\Database\\Connection->Illuminate\\Database\\{closure}()
#2 /srv/http/Proyecto_del_proyecto/vendor/laravel/framework/src/Illuminate/Database/Connection.php(753): Illuminate\\Database\\Connection->runQueryCallback()
#3 /srv/http/Proyecto_del_proyecto/vendor/laravel/framework/src/Illuminate/Database/Connection.php(567): Illuminate\\Database\\Connection->run()
#4 /srv/http/Proyecto_del_proyecto/vendor/laravel/framework/src/Illuminate/Database/Schema/Blueprint.php(110): Illuminate\\Database\\Connection->statement()
#5 /srv/http/Proyecto_del_proyecto/vendor/laravel/framework/src/Illuminate/Database/Schema/Builder.php(439): Illuminate\\Database\\Schema\\Blueprint->build()
#6 /srv/http/Proyecto_del_proyecto/vendor/laravel/framework/src/Illuminate/Database/Schema/Builder.php(281): Illuminate\\Database\\Schema\\Builder->build()
#7 /srv/http/Proyecto_del_proyecto/vendor/laravel/framework/src/Illuminate/Support/Facades/Facade.php(353): Illuminate\\Database\\Schema\\Builder->create()
#8 /srv/http/Proyecto_del_proyecto/database/migrations/2023_05_30_150535_create_fotos_table.php(14): Illuminate\\Support\\Facades\\Facade::__callStatic()
#9 /srv/http/Proyecto_del_proyecto/vendor/laravel/framework/src/Illuminate/Database/Migrations/Migrator.php(493): Illuminate\\Database\\Migrations\\Migration@anonymous->up()
#10 /srv/http/Proyecto_del_proyecto/vendor/laravel/framework/src/Illuminate/Database/Migrations/Migrator.php(410): Illuminate\\Database\\Migrations\\Migrator->runMethod()
#11 /srv/http/Proyecto_del_proyecto/vendor/laravel/framework/src/Illuminate/Database/Migrations/Migrator.php(419): Illuminate\\Database\\Migrations\\Migrator->Illuminate\\Database\\Migrations\\{closure}()
#12 /srv/http/Proyecto_del_proyecto/vendor/laravel/framework/src/Illuminate/Database/Migrations/Migrator.php(216): Illuminate\\Database\\Migrations\\Migrator->runMigration()
#13 /srv/http/Proyecto_del_proyecto/vendor/laravel/framework/src/Illuminate/Console/View/Components/Task.php(37): Illuminate\\Database\\Migrations\\Migrator->Illuminate\\Database\\Migrations\\{closure}()
#14 /srv/http/Proyecto_del_proyecto/vendor/laravel/framework/src/Illuminate/Database/Migrations/Migrator.php(756): Illuminate\\Console\\View\\Components\\Task->render()
#15 /srv/http/Proyecto_del_proyecto/vendor/laravel/framework/src/Illuminate/Database/Migrations/Migrator.php(216): Illuminate\\Database\\Migrations\\Migrator->write()
#16 /srv/http/Proyecto_del_proyecto/vendor/laravel/framework/src/Illuminate/Database/Migrations/Migrator.php(181): Illuminate\\Database\\Migrations\\Migrator->runUp()
#17 /srv/http/Proyecto_del_proyecto/vendor/laravel/framework/src/Illuminate/Database/Migrations/Migrator.php(124): Illuminate\\Database\\Migrations\\Migrator->runPending()
#18 /srv/http/Proyecto_del_proyecto/vendor/laravel/framework/src/Illuminate/Database/Console/Migrations/MigrateCommand.php(88): Illuminate\\Database\\Migrations\\Migrator->run()
#19 /srv/http/Proyecto_del_proyecto/vendor/laravel/framework/src/Illuminate/Database/Migrations/Migrator.php(633): Illuminate\\Database\\Console\\Migrations\\MigrateCommand->Illuminate\\Database\\Console\\Migrations\\{closure}()
#20 /srv/http/Proyecto_del_proyecto/vendor/laravel/framework/src/Illuminate/Database/Console/Migrations/MigrateCommand.php(81): Illuminate\\Database\\Migrations\\Migrator->usingConnection()
#21 /srv/http/Proyecto_del_proyecto/vendor/laravel/framework/src/Illuminate/Container/BoundMethod.php(36): Illuminate\\Database\\Console\\Migrations\\MigrateCommand->handle()
#22 /srv/http/Proyecto_del_proyecto/vendor/laravel/framework/src/Illuminate/Container/Util.php(41): Illuminate\\Container\\BoundMethod::Illuminate\\Container\\{closure}()
#23 /srv/http/Proyecto_del_proyecto/vendor/laravel/framework/src/Illuminate/Container/BoundMethod.php(93): Illuminate\\Container\\Util::unwrapIfClosure()
#24 /srv/http/Proyecto_del_proyecto/vendor/laravel/framework/src/Illuminate/Container/BoundMethod.php(35): Illuminate\\Container\\BoundMethod::callBoundMethod()
#25 /srv/http/Proyecto_del_proyecto/vendor/laravel/framework/src/Illuminate/Container/Container.php(662): Illuminate\\Container\\BoundMethod::call()
#26 /srv/http/Proyecto_del_proyecto/vendor/laravel/framework/src/Illuminate/Console/Command.php(208): Illuminate\\Container\\Container->call()
#27 /srv/http/Proyecto_del_proyecto/vendor/symfony/console/Command/Command.php(312): Illuminate\\Console\\Command->execute()
#28 /srv/http/Proyecto_del_proyecto/vendor/laravel/framework/src/Illuminate/Console/Command.php(177): Symfony\\Component\\Console\\Command\\Command->run()
#29 /srv/http/Proyecto_del_proyecto/vendor/symfony/console/Application.php(1040): Illuminate\\Console\\Command->run()
#30 /srv/http/Proyecto_del_proyecto/vendor/symfony/console/Application.php(314): Symfony\\Component\\Console\\Application->doRunCommand()
#31 /srv/http/Proyecto_del_proyecto/vendor/symfony/console/Application.php(168): Symfony\\Component\\Console\\Application->doRun()
#32 /srv/http/Proyecto_del_proyecto/vendor/laravel/framework/src/Illuminate/Foundation/Console/Kernel.php(200): Symfony\\Component\\Console\\Application->run()
#33 /srv/http/Proyecto_del_proyecto/artisan(35): Illuminate\\Foundation\\Console\\Kernel->handle()
#34 {main}
"} 
[2023-05-30 15:16:48] local.ERROR: SQLSTATE[42S01]: Base table or view already exists: 1050 Table 'fotos' already exists (Connection: mysql, SQL: create table `fotos` (`id` bigint unsigned not null auto_increment primary key, `ruta` varchar(255) not null, `estado` int not null, `user_id` bigint unsigned not null, `created_at` timestamp null, `updated_at` timestamp null) default character set utf8mb4 collate 'utf8mb4_unicode_ci') {"exception":"[object] (Illuminate\\Database\\QueryException(code: 42S01): SQLSTATE[42S01]: Base table or view already exists: 1050 Table 'fotos' already exists (Connection: mysql, SQL: create table `fotos` (`id` bigint unsigned not null auto_increment primary key, `ruta` varchar(255) not null, `estado` int not null, `user_id` bigint unsigned not null, `created_at` timestamp null, `updated_at` timestamp null) default character set utf8mb4 collate 'utf8mb4_unicode_ci') at /srv/http/Proyecto_del_proyecto/vendor/laravel/framework/src/Illuminate/Database/Connection.php:793)
[stacktrace]
#0 /srv/http/Proyecto_del_proyecto/vendor/laravel/framework/src/Illuminate/Database/Connection.php(753): Illuminate\\Database\\Connection->runQueryCallback()
#1 /srv/http/Proyecto_del_proyecto/vendor/laravel/framework/src/Illuminate/Database/Connection.php(567): Illuminate\\Database\\Connection->run()
#2 /srv/http/Proyecto_del_proyecto/vendor/laravel/framework/src/Illuminate/Database/Schema/Blueprint.php(110): Illuminate\\Database\\Connection->statement()
#3 /srv/http/Proyecto_del_proyecto/vendor/laravel/framework/src/Illuminate/Database/Schema/Builder.php(439): Illuminate\\Database\\Schema\\Blueprint->build()
#4 /srv/http/Proyecto_del_proyecto/vendor/laravel/framework/src/Illuminate/Database/Schema/Builder.php(281): Illuminate\\Database\\Schema\\Builder->build()
#5 /srv/http/Proyecto_del_proyecto/vendor/laravel/framework/src/Illuminate/Support/Facades/Facade.php(353): Illuminate\\Database\\Schema\\Builder->create()
#6 /srv/http/Proyecto_del_proyecto/database/migrations/2023_05_30_150535_create_fotos_table.php(14): Illuminate\\Support\\Facades\\Facade::__callStatic()
#7 /srv/http/Proyecto_del_proyecto/vendor/laravel/framework/src/Illuminate/Database/Migrations/Migrator.php(493): Illuminate\\Database\\Migrations\\Migration@anonymous->up()
#8 /srv/http/Proyecto_del_proyecto/vendor/laravel/framework/src/Illuminate/Database/Migrations/Migrator.php(410): Illuminate\\Database\\Migrations\\Migrator->runMethod()
#9 /srv/http/Proyecto_del_proyecto/vendor/laravel/framework/src/Illuminate/Database/Migrations/Migrator.php(419): Illuminate\\Database\\Migrations\\Migrator->Illuminate\\Database\\Migrations\\{closure}()
#10 /srv/http/Proyecto_del_proyecto/vendor/laravel/framework/src/Illuminate/Database/Migrations/Migrator.php(216): Illuminate\\Database\\Migrations\\Migrator->runMigration()
#11 /srv/http/Proyecto_del_proyecto/vendor/laravel/framework/src/Illuminate/Console/View/Components/Task.php(37): Illuminate\\Database\\Migrations\\Migrator->Illuminate\\Database\\Migrations\\{closure}()
#12 /srv/http/Proyecto_del_proyecto/vendor/laravel/framework/src/Illuminate/Database/Migrations/Migrator.php(756): Illuminate\\Console\\View\\Components\\Task->render()
#13 /srv/http/Proyecto_del_proyecto/vendor/laravel/framework/src/Illuminate/Database/Migrations/Migrator.php(216): Illuminate\\Database\\Migrations\\Migrator->write()
#14 /srv/http/Proyecto_del_proyecto/vendor/laravel/framework/src/Illuminate/Database/Migrations/Migrator.php(181): Illuminate\\Database\\Migrations\\Migrator->runUp()
#15 /srv/http/Proyecto_del_proyecto/vendor/laravel/framework/src/Illuminate/Database/Migrations/Migrator.php(124): Illuminate\\Database\\Migrations\\Migrator->runPending()
#16 /srv/http/Proyecto_del_proyecto/vendor/laravel/framework/src/Illuminate/Database/Console/Migrations/MigrateCommand.php(88): Illuminate\\Database\\Migrations\\Migrator->run()
#17 /srv/http/Proyecto_del_proyecto/vendor/laravel/framework/src/Illuminate/Database/Migrations/Migrator.php(633): Illuminate\\Database\\Console\\Migrations\\MigrateCommand->Illuminate\\Database\\Console\\Migrations\\{closure}()
#18 /srv/http/Proyecto_del_proyecto/vendor/laravel/framework/src/Illuminate/Database/Console/Migrations/MigrateCommand.php(81): Illuminate\\Database\\Migrations\\Migrator->usingConnection()
#19 /srv/http/Proyecto_del_proyecto/vendor/laravel/framework/src/Illuminate/Container/BoundMethod.php(36): Illuminate\\Database\\Console\\Migrations\\MigrateCommand->handle()
#20 /srv/http/Proyecto_del_proyecto/vendor/laravel/framework/src/Illuminate/Container/Util.php(41): Illuminate\\Container\\BoundMethod::Illuminate\\Container\\{closure}()
#21 /srv/http/Proyecto_del_proyecto/vendor/laravel/framework/src/Illuminate/Container/BoundMethod.php(93): Illuminate\\Container\\Util::unwrapIfClosure()
#22 /srv/http/Proyecto_del_proyecto/vendor/laravel/framework/src/Illuminate/Container/BoundMethod.php(35): Illuminate\\Container\\BoundMethod::callBoundMethod()
#23 /srv/http/Proyecto_del_proyecto/vendor/laravel/framework/src/Illuminate/Container/Container.php(662): Illuminate\\Container\\BoundMethod::call()
#24 /srv/http/Proyecto_del_proyecto/vendor/laravel/framework/src/Illuminate/Console/Command.php(208): Illuminate\\Container\\Container->call()
#25 /srv/http/Proyecto_del_proyecto/vendor/symfony/console/Command/Command.php(312): Illuminate\\Console\\Command->execute()
#26 /srv/http/Proyecto_del_proyecto/vendor/laravel/framework/src/Illuminate/Console/Command.php(177): Symfony\\Component\\Console\\Command\\Command->run()
#27 /srv/http/Proyecto_del_proyecto/vendor/laravel/framework/src/Illuminate/Console/Concerns/CallsCommands.php(67): Illuminate\\Console\\Command->run()
#28 /srv/http/Proyecto_del_proyecto/vendor/laravel/framework/src/Illuminate/Console/Concerns/CallsCommands.php(28): Illuminate\\Console\\Command->runCommand()
#29 /srv/http/Proyecto_del_proyecto/vendor/laravel/framework/src/Illuminate/Database/Console/Migrations/RefreshCommand.php(61): Illuminate\\Console\\Command->call()
#30 /srv/http/Proyecto_del_proyecto/vendor/laravel/framework/src/Illuminate/Container/BoundMethod.php(36): Illuminate\\Database\\Console\\Migrations\\RefreshCommand->handle()
#31 /srv/http/Proyecto_del_proyecto/vendor/laravel/framework/src/Illuminate/Container/Util.php(41): Illuminate\\Container\\BoundMethod::Illuminate\\Container\\{closure}()
#32 /srv/http/Proyecto_del_proyecto/vendor/laravel/framework/src/Illuminate/Container/BoundMethod.php(93): Illuminate\\Container\\Util::unwrapIfClosure()
#33 /srv/http/Proyecto_del_proyecto/vendor/laravel/framework/src/Illuminate/Container/BoundMethod.php(35): Illuminate\\Container\\BoundMethod::callBoundMethod()
#34 /srv/http/Proyecto_del_proyecto/vendor/laravel/framework/src/Illuminate/Container/Container.php(662): Illuminate\\Container\\BoundMethod::call()
#35 /srv/http/Proyecto_del_proyecto/vendor/laravel/framework/src/Illuminate/Console/Command.php(208): Illuminate\\Container\\Container->call()
#36 /srv/http/Proyecto_del_proyecto/vendor/symfony/console/Command/Command.php(312): Illuminate\\Console\\Command->execute()
#37 /srv/http/Proyecto_del_proyecto/vendor/laravel/framework/src/Illuminate/Console/Command.php(177): Symfony\\Component\\Console\\Command\\Command->run()
#38 /srv/http/Proyecto_del_proyecto/vendor/symfony/console/Application.php(1040): Illuminate\\Console\\Command->run()
#39 /srv/http/Proyecto_del_proyecto/vendor/symfony/console/Application.php(314): Symfony\\Component\\Console\\Application->doRunCommand()
#40 /srv/http/Proyecto_del_proyecto/vendor/symfony/console/Application.php(168): Symfony\\Component\\Console\\Application->doRun()
#41 /srv/http/Proyecto_del_proyecto/vendor/laravel/framework/src/Illuminate/Foundation/Console/Kernel.php(200): Symfony\\Component\\Console\\Application->run()
#42 /srv/http/Proyecto_del_proyecto/artisan(35): Illuminate\\Foundation\\Console\\Kernel->handle()
#43 {main}

[previous exception] [object] (PDOException(code: 42S01): SQLSTATE[42S01]: Base table or view already exists: 1050 Table 'fotos' already exists at /srv/http/Proyecto_del_proyecto/vendor/laravel/framework/src/Illuminate/Database/Connection.php:578)
[stacktrace]
#0 /srv/http/Proyecto_del_proyecto/vendor/laravel/framework/src/Illuminate/Database/Connection.php(578): PDOStatement->execute()
#1 /srv/http/Proyecto_del_proyecto/vendor/laravel/framework/src/Illuminate/Database/Connection.php(786): Illuminate\\Database\\Connection->Illuminate\\Database\\{closure}()
#2 /srv/http/Proyecto_del_proyecto/vendor/laravel/framework/src/Illuminate/Database/Connection.php(753): Illuminate\\Database\\Connection->runQueryCallback()
#3 /srv/http/Proyecto_del_proyecto/vendor/laravel/framework/src/Illuminate/Database/Connection.php(567): Illuminate\\Database\\Connection->run()
#4 /srv/http/Proyecto_del_proyecto/vendor/laravel/framework/src/Illuminate/Database/Schema/Blueprint.php(110): Illuminate\\Database\\Connection->statement()
#5 /srv/http/Proyecto_del_proyecto/vendor/laravel/framework/src/Illuminate/Database/Schema/Builder.php(439): Illuminate\\Database\\Schema\\Blueprint->build()
#6 /srv/http/Proyecto_del_proyecto/vendor/laravel/framework/src/Illuminate/Database/Schema/Builder.php(281): Illuminate\\Database\\Schema\\Builder->build()
#7 /srv/http/Proyecto_del_proyecto/vendor/laravel/framework/src/Illuminate/Support/Facades/Facade.php(353): Illuminate\\Database\\Schema\\Builder->create()
#8 /srv/http/Proyecto_del_proyecto/database/migrations/2023_05_30_150535_create_fotos_table.php(14): Illuminate\\Support\\Facades\\Facade::__callStatic()
#9 /srv/http/Proyecto_del_proyecto/vendor/laravel/framework/src/Illuminate/Database/Migrations/Migrator.php(493): Illuminate\\Database\\Migrations\\Migration@anonymous->up()
#10 /srv/http/Proyecto_del_proyecto/vendor/laravel/framework/src/Illuminate/Database/Migrations/Migrator.php(410): Illuminate\\Database\\Migrations\\Migrator->runMethod()
#11 /srv/http/Proyecto_del_proyecto/vendor/laravel/framework/src/Illuminate/Database/Migrations/Migrator.php(419): Illuminate\\Database\\Migrations\\Migrator->Illuminate\\Database\\Migrations\\{closure}()
#12 /srv/http/Proyecto_del_proyecto/vendor/laravel/framework/src/Illuminate/Database/Migrations/Migrator.php(216): Illuminate\\Database\\Migrations\\Migrator->runMigration()
#13 /srv/http/Proyecto_del_proyecto/vendor/laravel/framework/src/Illuminate/Console/View/Components/Task.php(37): Illuminate\\Database\\Migrations\\Migrator->Illuminate\\Database\\Migrations\\{closure}()
#14 /srv/http/Proyecto_del_proyecto/vendor/laravel/framework/src/Illuminate/Database/Migrations/Migrator.php(756): Illuminate\\Console\\View\\Components\\Task->render()
#15 /srv/http/Proyecto_del_proyecto/vendor/laravel/framework/src/Illuminate/Database/Migrations/Migrator.php(216): Illuminate\\Database\\Migrations\\Migrator->write()
#16 /srv/http/Proyecto_del_proyecto/vendor/laravel/framework/src/Illuminate/Database/Migrations/Migrator.php(181): Illuminate\\Database\\Migrations\\Migrator->runUp()
#17 /srv/http/Proyecto_del_proyecto/vendor/laravel/framework/src/Illuminate/Database/Migrations/Migrator.php(124): Illuminate\\Database\\Migrations\\Migrator->runPending()
#18 /srv/http/Proyecto_del_proyecto/vendor/laravel/framework/src/Illuminate/Database/Console/Migrations/MigrateCommand.php(88): Illuminate\\Database\\Migrations\\Migrator->run()
#19 /srv/http/Proyecto_del_proyecto/vendor/laravel/framework/src/Illuminate/Database/Migrations/Migrator.php(633): Illuminate\\Database\\Console\\Migrations\\MigrateCommand->Illuminate\\Database\\Console\\Migrations\\{closure}()
#20 /srv/http/Proyecto_del_proyecto/vendor/laravel/framework/src/Illuminate/Database/Console/Migrations/MigrateCommand.php(81): Illuminate\\Database\\Migrations\\Migrator->usingConnection()
#21 /srv/http/Proyecto_del_proyecto/vendor/laravel/framework/src/Illuminate/Container/BoundMethod.php(36): Illuminate\\Database\\Console\\Migrations\\MigrateCommand->handle()
#22 /srv/http/Proyecto_del_proyecto/vendor/laravel/framework/src/Illuminate/Container/Util.php(41): Illuminate\\Container\\BoundMethod::Illuminate\\Container\\{closure}()
#23 /srv/http/Proyecto_del_proyecto/vendor/laravel/framework/src/Illuminate/Container/BoundMethod.php(93): Illuminate\\Container\\Util::unwrapIfClosure()
#24 /srv/http/Proyecto_del_proyecto/vendor/laravel/framework/src/Illuminate/Container/BoundMethod.php(35): Illuminate\\Container\\BoundMethod::callBoundMethod()
#25 /srv/http/Proyecto_del_proyecto/vendor/laravel/framework/src/Illuminate/Container/Container.php(662): Illuminate\\Container\\BoundMethod::call()
#26 /srv/http/Proyecto_del_proyecto/vendor/laravel/framework/src/Illuminate/Console/Command.php(208): Illuminate\\Container\\Container->call()
#27 /srv/http/Proyecto_del_proyecto/vendor/symfony/console/Command/Command.php(312): Illuminate\\Console\\Command->execute()
#28 /srv/http/Proyecto_del_proyecto/vendor/laravel/framework/src/Illuminate/Console/Command.php(177): Symfony\\Component\\Console\\Command\\Command->run()
#29 /srv/http/Proyecto_del_proyecto/vendor/laravel/framework/src/Illuminate/Console/Concerns/CallsCommands.php(67): Illuminate\\Console\\Command->run()
#30 /srv/http/Proyecto_del_proyecto/vendor/laravel/framework/src/Illuminate/Console/Concerns/CallsCommands.php(28): Illuminate\\Console\\Command->runCommand()
#31 /srv/http/Proyecto_del_proyecto/vendor/laravel/framework/src/Illuminate/Database/Console/Migrations/RefreshCommand.php(61): Illuminate\\Console\\Command->call()
#32 /srv/http/Proyecto_del_proyecto/vendor/laravel/framework/src/Illuminate/Container/BoundMethod.php(36): Illuminate\\Database\\Console\\Migrations\\RefreshCommand->handle()
#33 /srv/http/Proyecto_del_proyecto/vendor/laravel/framework/src/Illuminate/Container/Util.php(41): Illuminate\\Container\\BoundMethod::Illuminate\\Container\\{closure}()
#34 /srv/http/Proyecto_del_proyecto/vendor/laravel/framework/src/Illuminate/Container/BoundMethod.php(93): Illuminate\\Container\\Util::unwrapIfClosure()
#35 /srv/http/Proyecto_del_proyecto/vendor/laravel/framework/src/Illuminate/Container/BoundMethod.php(35): Illuminate\\Container\\BoundMethod::callBoundMethod()
#36 /srv/http/Proyecto_del_proyecto/vendor/laravel/framework/src/Illuminate/Container/Container.php(662): Illuminate\\Container\\BoundMethod::call()
#37 /srv/http/Proyecto_del_proyecto/vendor/laravel/framework/src/Illuminate/Console/Command.php(208): Illuminate\\Container\\Container->call()
#38 /srv/http/Proyecto_del_proyecto/vendor/symfony/console/Command/Command.php(312): Illuminate\\Console\\Command->execute()
#39 /srv/http/Proyecto_del_proyecto/vendor/laravel/framework/src/Illuminate/Console/Command.php(177): Symfony\\Component\\Console\\Command\\Command->run()
#40 /srv/http/Proyecto_del_proyecto/vendor/symfony/console/Application.php(1040): Illuminate\\Console\\Command->run()
#41 /srv/http/Proyecto_del_proyecto/vendor/symfony/console/Application.php(314): Symfony\\Component\\Console\\Application->doRunCommand()
#42 /srv/http/Proyecto_del_proyecto/vendor/symfony/console/Application.php(168): Symfony\\Component\\Console\\Application->doRun()
#43 /srv/http/Proyecto_del_proyecto/vendor/laravel/framework/src/Illuminate/Foundation/Console/Kernel.php(200): Symfony\\Component\\Console\\Application->run()
#44 /srv/http/Proyecto_del_proyecto/artisan(35): Illuminate\\Foundation\\Console\\Kernel->handle()
#45 {main}
"} 
[2023-05-30 15:18:36] local.ERROR: SQLSTATE[23000]: Integrity constraint violation: 1451 Cannot delete or update a parent row: a foreign key constraint fails (Connection: mysql, SQL: drop table if exists `users`) {"exception":"[object] (Illuminate\\Database\\QueryException(code: 23000): SQLSTATE[23000]: Integrity constraint violation: 1451 Cannot delete or update a parent row: a foreign key constraint fails (Connection: mysql, SQL: drop table if exists `users`) at /srv/http/Proyecto_del_proyecto/vendor/laravel/framework/src/Illuminate/Database/Connection.php:793)
[stacktrace]
#0 /srv/http/Proyecto_del_proyecto/vendor/laravel/framework/src/Illuminate/Database/Connection.php(753): Illuminate\\Database\\Connection->runQueryCallback()
#1 /srv/http/Proyecto_del_proyecto/vendor/laravel/framework/src/Illuminate/Database/Connection.php(567): Illuminate\\Database\\Connection->run()
#2 /srv/http/Proyecto_del_proyecto/vendor/laravel/framework/src/Illuminate/Database/Schema/Blueprint.php(110): Illuminate\\Database\\Connection->statement()
#3 /srv/http/Proyecto_del_proyecto/vendor/laravel/framework/src/Illuminate/Database/Schema/Builder.php(439): Illuminate\\Database\\Schema\\Blueprint->build()
#4 /srv/http/Proyecto_del_proyecto/vendor/laravel/framework/src/Illuminate/Database/Schema/Builder.php(309): Illuminate\\Database\\Schema\\Builder->build()
#5 /srv/http/Proyecto_del_proyecto/vendor/laravel/framework/src/Illuminate/Support/Facades/Facade.php(353): Illuminate\\Database\\Schema\\Builder->dropIfExists()
#6 /srv/http/Proyecto_del_proyecto/database/migrations/2014_10_12_000000_create_users_table.php(30): Illuminate\\Support\\Facades\\Facade::__callStatic()
#7 /srv/http/Proyecto_del_proyecto/vendor/laravel/framework/src/Illuminate/Database/Migrations/Migrator.php(493): Illuminate\\Database\\Migrations\\Migration@anonymous->down()
#8 /srv/http/Proyecto_del_proyecto/vendor/laravel/framework/src/Illuminate/Database/Migrations/Migrator.php(410): Illuminate\\Database\\Migrations\\Migrator->runMethod()
#9 /srv/http/Proyecto_del_proyecto/vendor/laravel/framework/src/Illuminate/Database/Migrations/Migrator.php(419): Illuminate\\Database\\Migrations\\Migrator->Illuminate\\Database\\Migrations\\{closure}()
#10 /srv/http/Proyecto_del_proyecto/vendor/laravel/framework/src/Illuminate/Database/Migrations/Migrator.php(385): Illuminate\\Database\\Migrations\\Migrator->runMigration()
#11 /srv/http/Proyecto_del_proyecto/vendor/laravel/framework/src/Illuminate/Console/View/Components/Task.php(37): Illuminate\\Database\\Migrations\\Migrator->Illuminate\\Database\\Migrations\\{closure}()
#12 /srv/http/Proyecto_del_proyecto/vendor/laravel/framework/src/Illuminate/Database/Migrations/Migrator.php(756): Illuminate\\Console\\View\\Components\\Task->render()
#13 /srv/http/Proyecto_del_proyecto/vendor/laravel/framework/src/Illuminate/Database/Migrations/Migrator.php(385): Illuminate\\Database\\Migrations\\Migrator->write()
#14 /srv/http/Proyecto_del_proyecto/vendor/laravel/framework/src/Illuminate/Database/Migrations/Migrator.php(304): Illuminate\\Database\\Migrations\\Migrator->runDown()
#15 /srv/http/Proyecto_del_proyecto/vendor/laravel/framework/src/Illuminate/Database/Migrations/Migrator.php(359): Illuminate\\Database\\Migrations\\Migrator->rollbackMigrations()
#16 /srv/http/Proyecto_del_proyecto/vendor/laravel/framework/src/Illuminate/Database/Migrations/Migrator.php(335): Illuminate\\Database\\Migrations\\Migrator->resetMigrations()
#17 /srv/http/Proyecto_del_proyecto/vendor/laravel/framework/src/Illuminate/Database/Console/Migrations/ResetCommand.php(66): Illuminate\\Database\\Migrations\\Migrator->reset()
#18 /srv/http/Proyecto_del_proyecto/vendor/laravel/framework/src/Illuminate/Database/Migrations/Migrator.php(633): Illuminate\\Database\\Console\\Migrations\\ResetCommand->Illuminate\\Database\\Console\\Migrations\\{closure}()
#19 /srv/http/Proyecto_del_proyecto/vendor/laravel/framework/src/Illuminate/Database/Console/Migrations/ResetCommand.php(58): Illuminate\\Database\\Migrations\\Migrator->usingConnection()
#20 /srv/http/Proyecto_del_proyecto/vendor/laravel/framework/src/Illuminate/Container/BoundMethod.php(36): Illuminate\\Database\\Console\\Migrations\\ResetCommand->handle()
#21 /srv/http/Proyecto_del_proyecto/vendor/laravel/framework/src/Illuminate/Container/Util.php(41): Illuminate\\Container\\BoundMethod::Illuminate\\Container\\{closure}()
#22 /srv/http/Proyecto_del_proyecto/vendor/laravel/framework/src/Illuminate/Container/BoundMethod.php(93): Illuminate\\Container\\Util::unwrapIfClosure()
#23 /srv/http/Proyecto_del_proyecto/vendor/laravel/framework/src/Illuminate/Container/BoundMethod.php(35): Illuminate\\Container\\BoundMethod::callBoundMethod()
#24 /srv/http/Proyecto_del_proyecto/vendor/laravel/framework/src/Illuminate/Container/Container.php(662): Illuminate\\Container\\BoundMethod::call()
#25 /srv/http/Proyecto_del_proyecto/vendor/laravel/framework/src/Illuminate/Console/Command.php(208): Illuminate\\Container\\Container->call()
#26 /srv/http/Proyecto_del_proyecto/vendor/symfony/console/Command/Command.php(312): Illuminate\\Console\\Command->execute()
#27 /srv/http/Proyecto_del_proyecto/vendor/laravel/framework/src/Illuminate/Console/Command.php(177): Symfony\\Component\\Console\\Command\\Command->run()
#28 /srv/http/Proyecto_del_proyecto/vendor/laravel/framework/src/Illuminate/Console/Concerns/CallsCommands.php(67): Illuminate\\Console\\Command->run()
#29 /srv/http/Proyecto_del_proyecto/vendor/laravel/framework/src/Illuminate/Console/Concerns/CallsCommands.php(28): Illuminate\\Console\\Command->runCommand()
#30 /srv/http/Proyecto_del_proyecto/vendor/laravel/framework/src/Illuminate/Database/Console/Migrations/RefreshCommand.php(109): Illuminate\\Console\\Command->call()
#31 /srv/http/Proyecto_del_proyecto/vendor/laravel/framework/src/Illuminate/Database/Console/Migrations/RefreshCommand.php(55): Illuminate\\Database\\Console\\Migrations\\RefreshCommand->runReset()
#32 /srv/http/Proyecto_del_proyecto/vendor/laravel/framework/src/Illuminate/Container/BoundMethod.php(36): Illuminate\\Database\\Console\\Migrations\\RefreshCommand->handle()
#33 /srv/http/Proyecto_del_proyecto/vendor/laravel/framework/src/Illuminate/Container/Util.php(41): Illuminate\\Container\\BoundMethod::Illuminate\\Container\\{closure}()
#34 /srv/http/Proyecto_del_proyecto/vendor/laravel/framework/src/Illuminate/Container/BoundMethod.php(93): Illuminate\\Container\\Util::unwrapIfClosure()
#35 /srv/http/Proyecto_del_proyecto/vendor/laravel/framework/src/Illuminate/Container/BoundMethod.php(35): Illuminate\\Container\\BoundMethod::callBoundMethod()
#36 /srv/http/Proyecto_del_proyecto/vendor/laravel/framework/src/Illuminate/Container/Container.php(662): Illuminate\\Container\\BoundMethod::call()
#37 /srv/http/Proyecto_del_proyecto/vendor/laravel/framework/src/Illuminate/Console/Command.php(208): Illuminate\\Container\\Container->call()
#38 /srv/http/Proyecto_del_proyecto/vendor/symfony/console/Command/Command.php(312): Illuminate\\Console\\Command->execute()
#39 /srv/http/Proyecto_del_proyecto/vendor/laravel/framework/src/Illuminate/Console/Command.php(177): Symfony\\Component\\Console\\Command\\Command->run()
#40 /srv/http/Proyecto_del_proyecto/vendor/symfony/console/Application.php(1040): Illuminate\\Console\\Command->run()
#41 /srv/http/Proyecto_del_proyecto/vendor/symfony/console/Application.php(314): Symfony\\Component\\Console\\Application->doRunCommand()
#42 /srv/http/Proyecto_del_proyecto/vendor/symfony/console/Application.php(168): Symfony\\Component\\Console\\Application->doRun()
#43 /srv/http/Proyecto_del_proyecto/vendor/laravel/framework/src/Illuminate/Foundation/Console/Kernel.php(200): Symfony\\Component\\Console\\Application->run()
#44 /srv/http/Proyecto_del_proyecto/artisan(35): Illuminate\\Foundation\\Console\\Kernel->handle()
#45 {main}

[previous exception] [object] (PDOException(code: 23000): SQLSTATE[23000]: Integrity constraint violation: 1451 Cannot delete or update a parent row: a foreign key constraint fails at /srv/http/Proyecto_del_proyecto/vendor/laravel/framework/src/Illuminate/Database/Connection.php:578)
[stacktrace]
#0 /srv/http/Proyecto_del_proyecto/vendor/laravel/framework/src/Illuminate/Database/Connection.php(578): PDOStatement->execute()
#1 /srv/http/Proyecto_del_proyecto/vendor/laravel/framework/src/Illuminate/Database/Connection.php(786): Illuminate\\Database\\Connection->Illuminate\\Database\\{closure}()
#2 /srv/http/Proyecto_del_proyecto/vendor/laravel/framework/src/Illuminate/Database/Connection.php(753): Illuminate\\Database\\Connection->runQueryCallback()
#3 /srv/http/Proyecto_del_proyecto/vendor/laravel/framework/src/Illuminate/Database/Connection.php(567): Illuminate\\Database\\Connection->run()
#4 /srv/http/Proyecto_del_proyecto/vendor/laravel/framework/src/Illuminate/Database/Schema/Blueprint.php(110): Illuminate\\Database\\Connection->statement()
#5 /srv/http/Proyecto_del_proyecto/vendor/laravel/framework/src/Illuminate/Database/Schema/Builder.php(439): Illuminate\\Database\\Schema\\Blueprint->build()
#6 /srv/http/Proyecto_del_proyecto/vendor/laravel/framework/src/Illuminate/Database/Schema/Builder.php(309): Illuminate\\Database\\Schema\\Builder->build()
#7 /srv/http/Proyecto_del_proyecto/vendor/laravel/framework/src/Illuminate/Support/Facades/Facade.php(353): Illuminate\\Database\\Schema\\Builder->dropIfExists()
#8 /srv/http/Proyecto_del_proyecto/database/migrations/2014_10_12_000000_create_users_table.php(30): Illuminate\\Support\\Facades\\Facade::__callStatic()
#9 /srv/http/Proyecto_del_proyecto/vendor/laravel/framework/src/Illuminate/Database/Migrations/Migrator.php(493): Illuminate\\Database\\Migrations\\Migration@anonymous->down()
#10 /srv/http/Proyecto_del_proyecto/vendor/laravel/framework/src/Illuminate/Database/Migrations/Migrator.php(410): Illuminate\\Database\\Migrations\\Migrator->runMethod()
#11 /srv/http/Proyecto_del_proyecto/vendor/laravel/framework/src/Illuminate/Database/Migrations/Migrator.php(419): Illuminate\\Database\\Migrations\\Migrator->Illuminate\\Database\\Migrations\\{closure}()
#12 /srv/http/Proyecto_del_proyecto/vendor/laravel/framework/src/Illuminate/Database/Migrations/Migrator.php(385): Illuminate\\Database\\Migrations\\Migrator->runMigration()
#13 /srv/http/Proyecto_del_proyecto/vendor/laravel/framework/src/Illuminate/Console/View/Components/Task.php(37): Illuminate\\Database\\Migrations\\Migrator->Illuminate\\Database\\Migrations\\{closure}()
#14 /srv/http/Proyecto_del_proyecto/vendor/laravel/framework/src/Illuminate/Database/Migrations/Migrator.php(756): Illuminate\\Console\\View\\Components\\Task->render()
#15 /srv/http/Proyecto_del_proyecto/vendor/laravel/framework/src/Illuminate/Database/Migrations/Migrator.php(385): Illuminate\\Database\\Migrations\\Migrator->write()
#16 /srv/http/Proyecto_del_proyecto/vendor/laravel/framework/src/Illuminate/Database/Migrations/Migrator.php(304): Illuminate\\Database\\Migrations\\Migrator->runDown()
#17 /srv/http/Proyecto_del_proyecto/vendor/laravel/framework/src/Illuminate/Database/Migrations/Migrator.php(359): Illuminate\\Database\\Migrations\\Migrator->rollbackMigrations()
#18 /srv/http/Proyecto_del_proyecto/vendor/laravel/framework/src/Illuminate/Database/Migrations/Migrator.php(335): Illuminate\\Database\\Migrations\\Migrator->resetMigrations()
#19 /srv/http/Proyecto_del_proyecto/vendor/laravel/framework/src/Illuminate/Database/Console/Migrations/ResetCommand.php(66): Illuminate\\Database\\Migrations\\Migrator->reset()
#20 /srv/http/Proyecto_del_proyecto/vendor/laravel/framework/src/Illuminate/Database/Migrations/Migrator.php(633): Illuminate\\Database\\Console\\Migrations\\ResetCommand->Illuminate\\Database\\Console\\Migrations\\{closure}()
#21 /srv/http/Proyecto_del_proyecto/vendor/laravel/framework/src/Illuminate/Database/Console/Migrations/ResetCommand.php(58): Illuminate\\Database\\Migrations\\Migrator->usingConnection()
#22 /srv/http/Proyecto_del_proyecto/vendor/laravel/framework/src/Illuminate/Container/BoundMethod.php(36): Illuminate\\Database\\Console\\Migrations\\ResetCommand->handle()
#23 /srv/http/Proyecto_del_proyecto/vendor/laravel/framework/src/Illuminate/Container/Util.php(41): Illuminate\\Container\\BoundMethod::Illuminate\\Container\\{closure}()
#24 /srv/http/Proyecto_del_proyecto/vendor/laravel/framework/src/Illuminate/Container/BoundMethod.php(93): Illuminate\\Container\\Util::unwrapIfClosure()
#25 /srv/http/Proyecto_del_proyecto/vendor/laravel/framework/src/Illuminate/Container/BoundMethod.php(35): Illuminate\\Container\\BoundMethod::callBoundMethod()
#26 /srv/http/Proyecto_del_proyecto/vendor/laravel/framework/src/Illuminate/Container/Container.php(662): Illuminate\\Container\\BoundMethod::call()
#27 /srv/http/Proyecto_del_proyecto/vendor/laravel/framework/src/Illuminate/Console/Command.php(208): Illuminate\\Container\\Container->call()
#28 /srv/http/Proyecto_del_proyecto/vendor/symfony/console/Command/Command.php(312): Illuminate\\Console\\Command->execute()
#29 /srv/http/Proyecto_del_proyecto/vendor/laravel/framework/src/Illuminate/Console/Command.php(177): Symfony\\Component\\Console\\Command\\Command->run()
#30 /srv/http/Proyecto_del_proyecto/vendor/laravel/framework/src/Illuminate/Console/Concerns/CallsCommands.php(67): Illuminate\\Console\\Command->run()
#31 /srv/http/Proyecto_del_proyecto/vendor/laravel/framework/src/Illuminate/Console/Concerns/CallsCommands.php(28): Illuminate\\Console\\Command->runCommand()
#32 /srv/http/Proyecto_del_proyecto/vendor/laravel/framework/src/Illuminate/Database/Console/Migrations/RefreshCommand.php(109): Illuminate\\Console\\Command->call()
#33 /srv/http/Proyecto_del_proyecto/vendor/laravel/framework/src/Illuminate/Database/Console/Migrations/RefreshCommand.php(55): Illuminate\\Database\\Console\\Migrations\\RefreshCommand->runReset()
#34 /srv/http/Proyecto_del_proyecto/vendor/laravel/framework/src/Illuminate/Container/BoundMethod.php(36): Illuminate\\Database\\Console\\Migrations\\RefreshCommand->handle()
#35 /srv/http/Proyecto_del_proyecto/vendor/laravel/framework/src/Illuminate/Container/Util.php(41): Illuminate\\Container\\BoundMethod::Illuminate\\Container\\{closure}()
#36 /srv/http/Proyecto_del_proyecto/vendor/laravel/framework/src/Illuminate/Container/BoundMethod.php(93): Illuminate\\Container\\Util::unwrapIfClosure()
#37 /srv/http/Proyecto_del_proyecto/vendor/laravel/framework/src/Illuminate/Container/BoundMethod.php(35): Illuminate\\Container\\BoundMethod::callBoundMethod()
#38 /srv/http/Proyecto_del_proyecto/vendor/laravel/framework/src/Illuminate/Container/Container.php(662): Illuminate\\Container\\BoundMethod::call()
#39 /srv/http/Proyecto_del_proyecto/vendor/laravel/framework/src/Illuminate/Console/Command.php(208): Illuminate\\Container\\Container->call()
#40 /srv/http/Proyecto_del_proyecto/vendor/symfony/console/Command/Command.php(312): Illuminate\\Console\\Command->execute()
#41 /srv/http/Proyecto_del_proyecto/vendor/laravel/framework/src/Illuminate/Console/Command.php(177): Symfony\\Component\\Console\\Command\\Command->run()
#42 /srv/http/Proyecto_del_proyecto/vendor/symfony/console/Application.php(1040): Illuminate\\Console\\Command->run()
#43 /srv/http/Proyecto_del_proyecto/vendor/symfony/console/Application.php(314): Symfony\\Component\\Console\\Application->doRunCommand()
#44 /srv/http/Proyecto_del_proyecto/vendor/symfony/console/Application.php(168): Symfony\\Component\\Console\\Application->doRun()
#45 /srv/http/Proyecto_del_proyecto/vendor/laravel/framework/src/Illuminate/Foundation/Console/Kernel.php(200): Symfony\\Component\\Console\\Application->run()
#46 /srv/http/Proyecto_del_proyecto/artisan(35): Illuminate\\Foundation\\Console\\Kernel->handle()
#47 {main}
"} 
[2023-05-30 15:19:07] local.ERROR: SQLSTATE[HY000]: General error: 1005 Can't create table `PRODUCTS`.`fotos` (errno: 150 "Foreign key constraint is incorrectly formed") (Connection: mysql, SQL: alter table `fotos` add constraint `fotos_user_id_foreign` foreign key (`user_id`) references `users` (`id`)) {"exception":"[object] (Illuminate\\Database\\QueryException(code: HY000): SQLSTATE[HY000]: General error: 1005 Can't create table `PRODUCTS`.`fotos` (errno: 150 \"Foreign key constraint is incorrectly formed\") (Connection: mysql, SQL: alter table `fotos` add constraint `fotos_user_id_foreign` foreign key (`user_id`) references `users` (`id`)) at /srv/http/Proyecto_del_proyecto/vendor/laravel/framework/src/Illuminate/Database/Connection.php:793)
[stacktrace]
#0 /srv/http/Proyecto_del_proyecto/vendor/laravel/framework/src/Illuminate/Database/Connection.php(753): Illuminate\\Database\\Connection->runQueryCallback()
#1 /srv/http/Proyecto_del_proyecto/vendor/laravel/framework/src/Illuminate/Database/Connection.php(567): Illuminate\\Database\\Connection->run()
#2 /srv/http/Proyecto_del_proyecto/vendor/laravel/framework/src/Illuminate/Database/Schema/Blueprint.php(110): Illuminate\\Database\\Connection->statement()
#3 /srv/http/Proyecto_del_proyecto/vendor/laravel/framework/src/Illuminate/Database/Schema/Builder.php(439): Illuminate\\Database\\Schema\\Blueprint->build()
#4 /srv/http/Proyecto_del_proyecto/vendor/laravel/framework/src/Illuminate/Database/Schema/Builder.php(281): Illuminate\\Database\\Schema\\Builder->build()
#5 /srv/http/Proyecto_del_proyecto/vendor/laravel/framework/src/Illuminate/Support/Facades/Facade.php(353): Illuminate\\Database\\Schema\\Builder->create()
#6 /srv/http/Proyecto_del_proyecto/database/migrations/2023_05_30_150535_create_fotos_table.php(14): Illuminate\\Support\\Facades\\Facade::__callStatic()
#7 /srv/http/Proyecto_del_proyecto/vendor/laravel/framework/src/Illuminate/Database/Migrations/Migrator.php(493): Illuminate\\Database\\Migrations\\Migration@anonymous->up()
#8 /srv/http/Proyecto_del_proyecto/vendor/laravel/framework/src/Illuminate/Database/Migrations/Migrator.php(410): Illuminate\\Database\\Migrations\\Migrator->runMethod()
#9 /srv/http/Proyecto_del_proyecto/vendor/laravel/framework/src/Illuminate/Database/Migrations/Migrator.php(419): Illuminate\\Database\\Migrations\\Migrator->Illuminate\\Database\\Migrations\\{closure}()
#10 /srv/http/Proyecto_del_proyecto/vendor/laravel/framework/src/Illuminate/Database/Migrations/Migrator.php(216): Illuminate\\Database\\Migrations\\Migrator->runMigration()
#11 /srv/http/Proyecto_del_proyecto/vendor/laravel/framework/src/Illuminate/Console/View/Components/Task.php(37): Illuminate\\Database\\Migrations\\Migrator->Illuminate\\Database\\Migrations\\{closure}()
#12 /srv/http/Proyecto_del_proyecto/vendor/laravel/framework/src/Illuminate/Database/Migrations/Migrator.php(756): Illuminate\\Console\\View\\Components\\Task->render()
#13 /srv/http/Proyecto_del_proyecto/vendor/laravel/framework/src/Illuminate/Database/Migrations/Migrator.php(216): Illuminate\\Database\\Migrations\\Migrator->write()
#14 /srv/http/Proyecto_del_proyecto/vendor/laravel/framework/src/Illuminate/Database/Migrations/Migrator.php(181): Illuminate\\Database\\Migrations\\Migrator->runUp()
#15 /srv/http/Proyecto_del_proyecto/vendor/laravel/framework/src/Illuminate/Database/Migrations/Migrator.php(124): Illuminate\\Database\\Migrations\\Migrator->runPending()
#16 /srv/http/Proyecto_del_proyecto/vendor/laravel/framework/src/Illuminate/Database/Console/Migrations/MigrateCommand.php(88): Illuminate\\Database\\Migrations\\Migrator->run()
#17 /srv/http/Proyecto_del_proyecto/vendor/laravel/framework/src/Illuminate/Database/Migrations/Migrator.php(633): Illuminate\\Database\\Console\\Migrations\\MigrateCommand->Illuminate\\Database\\Console\\Migrations\\{closure}()
#18 /srv/http/Proyecto_del_proyecto/vendor/laravel/framework/src/Illuminate/Database/Console/Migrations/MigrateCommand.php(81): Illuminate\\Database\\Migrations\\Migrator->usingConnection()
#19 /srv/http/Proyecto_del_proyecto/vendor/laravel/framework/src/Illuminate/Container/BoundMethod.php(36): Illuminate\\Database\\Console\\Migrations\\MigrateCommand->handle()
#20 /srv/http/Proyecto_del_proyecto/vendor/laravel/framework/src/Illuminate/Container/Util.php(41): Illuminate\\Container\\BoundMethod::Illuminate\\Container\\{closure}()
#21 /srv/http/Proyecto_del_proyecto/vendor/laravel/framework/src/Illuminate/Container/BoundMethod.php(93): Illuminate\\Container\\Util::unwrapIfClosure()
#22 /srv/http/Proyecto_del_proyecto/vendor/laravel/framework/src/Illuminate/Container/BoundMethod.php(35): Illuminate\\Container\\BoundMethod::callBoundMethod()
#23 /srv/http/Proyecto_del_proyecto/vendor/laravel/framework/src/Illuminate/Container/Container.php(662): Illuminate\\Container\\BoundMethod::call()
#24 /srv/http/Proyecto_del_proyecto/vendor/laravel/framework/src/Illuminate/Console/Command.php(208): Illuminate\\Container\\Container->call()
#25 /srv/http/Proyecto_del_proyecto/vendor/symfony/console/Command/Command.php(312): Illuminate\\Console\\Command->execute()
#26 /srv/http/Proyecto_del_proyecto/vendor/laravel/framework/src/Illuminate/Console/Command.php(177): Symfony\\Component\\Console\\Command\\Command->run()
#27 /srv/http/Proyecto_del_proyecto/vendor/symfony/console/Application.php(1040): Illuminate\\Console\\Command->run()
#28 /srv/http/Proyecto_del_proyecto/vendor/symfony/console/Application.php(314): Symfony\\Component\\Console\\Application->doRunCommand()
#29 /srv/http/Proyecto_del_proyecto/vendor/symfony/console/Application.php(168): Symfony\\Component\\Console\\Application->doRun()
#30 /srv/http/Proyecto_del_proyecto/vendor/laravel/framework/src/Illuminate/Foundation/Console/Kernel.php(200): Symfony\\Component\\Console\\Application->run()
#31 /srv/http/Proyecto_del_proyecto/artisan(35): Illuminate\\Foundation\\Console\\Kernel->handle()
#32 {main}

[previous exception] [object] (PDOException(code: HY000): SQLSTATE[HY000]: General error: 1005 Can't create table `PRODUCTS`.`fotos` (errno: 150 \"Foreign key constraint is incorrectly formed\") at /srv/http/Proyecto_del_proyecto/vendor/laravel/framework/src/Illuminate/Database/Connection.php:578)
[stacktrace]
#0 /srv/http/Proyecto_del_proyecto/vendor/laravel/framework/src/Illuminate/Database/Connection.php(578): PDOStatement->execute()
#1 /srv/http/Proyecto_del_proyecto/vendor/laravel/framework/src/Illuminate/Database/Connection.php(786): Illuminate\\Database\\Connection->Illuminate\\Database\\{closure}()
#2 /srv/http/Proyecto_del_proyecto/vendor/laravel/framework/src/Illuminate/Database/Connection.php(753): Illuminate\\Database\\Connection->runQueryCallback()
#3 /srv/http/Proyecto_del_proyecto/vendor/laravel/framework/src/Illuminate/Database/Connection.php(567): Illuminate\\Database\\Connection->run()
#4 /srv/http/Proyecto_del_proyecto/vendor/laravel/framework/src/Illuminate/Database/Schema/Blueprint.php(110): Illuminate\\Database\\Connection->statement()
#5 /srv/http/Proyecto_del_proyecto/vendor/laravel/framework/src/Illuminate/Database/Schema/Builder.php(439): Illuminate\\Database\\Schema\\Blueprint->build()
#6 /srv/http/Proyecto_del_proyecto/vendor/laravel/framework/src/Illuminate/Database/Schema/Builder.php(281): Illuminate\\Database\\Schema\\Builder->build()
#7 /srv/http/Proyecto_del_proyecto/vendor/laravel/framework/src/Illuminate/Support/Facades/Facade.php(353): Illuminate\\Database\\Schema\\Builder->create()
#8 /srv/http/Proyecto_del_proyecto/database/migrations/2023_05_30_150535_create_fotos_table.php(14): Illuminate\\Support\\Facades\\Facade::__callStatic()
#9 /srv/http/Proyecto_del_proyecto/vendor/laravel/framework/src/Illuminate/Database/Migrations/Migrator.php(493): Illuminate\\Database\\Migrations\\Migration@anonymous->up()
#10 /srv/http/Proyecto_del_proyecto/vendor/laravel/framework/src/Illuminate/Database/Migrations/Migrator.php(410): Illuminate\\Database\\Migrations\\Migrator->runMethod()
#11 /srv/http/Proyecto_del_proyecto/vendor/laravel/framework/src/Illuminate/Database/Migrations/Migrator.php(419): Illuminate\\Database\\Migrations\\Migrator->Illuminate\\Database\\Migrations\\{closure}()
#12 /srv/http/Proyecto_del_proyecto/vendor/laravel/framework/src/Illuminate/Database/Migrations/Migrator.php(216): Illuminate\\Database\\Migrations\\Migrator->runMigration()
#13 /srv/http/Proyecto_del_proyecto/vendor/laravel/framework/src/Illuminate/Console/View/Components/Task.php(37): Illuminate\\Database\\Migrations\\Migrator->Illuminate\\Database\\Migrations\\{closure}()
#14 /srv/http/Proyecto_del_proyecto/vendor/laravel/framework/src/Illuminate/Database/Migrations/Migrator.php(756): Illuminate\\Console\\View\\Components\\Task->render()
#15 /srv/http/Proyecto_del_proyecto/vendor/laravel/framework/src/Illuminate/Database/Migrations/Migrator.php(216): Illuminate\\Database\\Migrations\\Migrator->write()
#16 /srv/http/Proyecto_del_proyecto/vendor/laravel/framework/src/Illuminate/Database/Migrations/Migrator.php(181): Illuminate\\Database\\Migrations\\Migrator->runUp()
#17 /srv/http/Proyecto_del_proyecto/vendor/laravel/framework/src/Illuminate/Database/Migrations/Migrator.php(124): Illuminate\\Database\\Migrations\\Migrator->runPending()
#18 /srv/http/Proyecto_del_proyecto/vendor/laravel/framework/src/Illuminate/Database/Console/Migrations/MigrateCommand.php(88): Illuminate\\Database\\Migrations\\Migrator->run()
#19 /srv/http/Proyecto_del_proyecto/vendor/laravel/framework/src/Illuminate/Database/Migrations/Migrator.php(633): Illuminate\\Database\\Console\\Migrations\\MigrateCommand->Illuminate\\Database\\Console\\Migrations\\{closure}()
#20 /srv/http/Proyecto_del_proyecto/vendor/laravel/framework/src/Illuminate/Database/Console/Migrations/MigrateCommand.php(81): Illuminate\\Database\\Migrations\\Migrator->usingConnection()
#21 /srv/http/Proyecto_del_proyecto/vendor/laravel/framework/src/Illuminate/Container/BoundMethod.php(36): Illuminate\\Database\\Console\\Migrations\\MigrateCommand->handle()
#22 /srv/http/Proyecto_del_proyecto/vendor/laravel/framework/src/Illuminate/Container/Util.php(41): Illuminate\\Container\\BoundMethod::Illuminate\\Container\\{closure}()
#23 /srv/http/Proyecto_del_proyecto/vendor/laravel/framework/src/Illuminate/Container/BoundMethod.php(93): Illuminate\\Container\\Util::unwrapIfClosure()
#24 /srv/http/Proyecto_del_proyecto/vendor/laravel/framework/src/Illuminate/Container/BoundMethod.php(35): Illuminate\\Container\\BoundMethod::callBoundMethod()
#25 /srv/http/Proyecto_del_proyecto/vendor/laravel/framework/src/Illuminate/Container/Container.php(662): Illuminate\\Container\\BoundMethod::call()
#26 /srv/http/Proyecto_del_proyecto/vendor/laravel/framework/src/Illuminate/Console/Command.php(208): Illuminate\\Container\\Container->call()
#27 /srv/http/Proyecto_del_proyecto/vendor/symfony/console/Command/Command.php(312): Illuminate\\Console\\Command->execute()
#28 /srv/http/Proyecto_del_proyecto/vendor/laravel/framework/src/Illuminate/Console/Command.php(177): Symfony\\Component\\Console\\Command\\Command->run()
#29 /srv/http/Proyecto_del_proyecto/vendor/symfony/console/Application.php(1040): Illuminate\\Console\\Command->run()
#30 /srv/http/Proyecto_del_proyecto/vendor/symfony/console/Application.php(314): Symfony\\Component\\Console\\Application->doRunCommand()
#31 /srv/http/Proyecto_del_proyecto/vendor/symfony/console/Application.php(168): Symfony\\Component\\Console\\Application->doRun()
#32 /srv/http/Proyecto_del_proyecto/vendor/laravel/framework/src/Illuminate/Foundation/Console/Kernel.php(200): Symfony\\Component\\Console\\Application->run()
#33 /srv/http/Proyecto_del_proyecto/artisan(35): Illuminate\\Foundation\\Console\\Kernel->handle()
#34 {main}
"} 
